[    0.000000] Initializing cgroup subsys cpuset
[    0.000000] Initializing cgroup subsys cpu
[    0.000000] Initializing cgroup subsys cpuacct
[    0.000000] Linux version 4.4.0-210-generic (buildd@lgw01-amd64-009) (gcc version 5.4.0 20160609 (Ubuntu 5.4.0-6ubuntu1~16.04.12) ) #242-Ubuntu SMP Fri Apr 16 09:57:56 UTC 2021 (Ubuntu 4.4.0-210.242-generic 4.4.262)
[    0.000000] Command line: BOOT_IMAGE=/boot/vmlinuz-4.4.0-210-generic root=LABEL=cloudimg-rootfs ro console=tty1 console=ttyS0
[    0.000000] KERNEL supported cpus:
[    0.000000]   Intel GenuineIntel
[    0.000000]   AMD AuthenticAMD
[    0.000000]   Centaur CentaurHauls
[    0.000000] x86/fpu: xstate_offset[2]:  576, xstate_sizes[2]:  256
[    0.000000] x86/fpu: Supporting XSAVE feature 0x01: 'x87 floating point registers'
[    0.000000] x86/fpu: Supporting XSAVE feature 0x02: 'SSE registers'
[    0.000000] x86/fpu: Supporting XSAVE feature 0x04: 'AVX registers'
[    0.000000] x86/fpu: Enabled xstate features 0x7, context size is 832 bytes, using 'standard' format.
[    0.000000] e820: BIOS-provided physical RAM map:
[    0.000000] BIOS-e820: [mem 0x0000000000000000-0x000000000009fbff] usable
[    0.000000] BIOS-e820: [mem 0x000000000009fc00-0x000000000009ffff] reserved
[    0.000000] BIOS-e820: [mem 0x00000000000f0000-0x00000000000fffff] reserved
[    0.000000] BIOS-e820: [mem 0x0000000000100000-0x000000003ffeffff] usable
[    0.000000] BIOS-e820: [mem 0x000000003fff0000-0x000000003fffffff] ACPI data
[    0.000000] BIOS-e820: [mem 0x00000000fec00000-0x00000000fec00fff] reserved
[    0.000000] BIOS-e820: [mem 0x00000000fee00000-0x00000000fee00fff] reserved
[    0.000000] BIOS-e820: [mem 0x00000000fffc0000-0x00000000ffffffff] reserved
[    0.000000] NX (Execute Disable) protection: active
[    0.000000] SMBIOS 2.5 present.
[    0.000000] Hypervisor detected: KVM
[    0.000000] e820: last_pfn = 0x3fff0 max_arch_pfn = 0x400000000
[    0.000000] MTRR: Disabled
[    0.000000] x86/PAT: MTRRs disabled, skipping PAT initialization too.
[    0.000000] CPU MTRRs all blank - virtualized system.
[    0.000000] x86/PAT: Configuration [0-7]: WB  WT  UC- UC  WB  WT  UC- UC  
[    0.000000] found SMP MP-table at [mem 0x0009fff0-0x0009ffff] mapped at [ffff88000009fff0]
[    0.000000] Scanning 1 areas for low memory corruption
[    0.000000] RAMDISK: [mem 0x362de000-0x37166fff]
[    0.000000] ACPI: Early table checksum verification disabled
[    0.000000] ACPI: RSDP 0x00000000000E0000 000024 (v02 VBOX  )
[    0.000000] ACPI: XSDT 0x000000003FFF0030 00003C (v01 VBOX   VBOXXSDT 00000001 ASL  00000061)
[    0.000000] ACPI: FACP 0x000000003FFF00F0 0000F4 (v04 VBOX   VBOXFACP 00000001 ASL  00000061)
[    0.000000] ACPI: DSDT 0x000000003FFF0470 002325 (v02 VBOX   VBOXBIOS 00000002 INTL 20100528)
[    0.000000] ACPI: FACS 0x000000003FFF0200 000040
[    0.000000] ACPI: FACS 0x000000003FFF0200 000040
[    0.000000] ACPI: APIC 0x000000003FFF0240 00005C (v02 VBOX   VBOXAPIC 00000001 ASL  00000061)
[    0.000000] ACPI: SSDT 0x000000003FFF02A0 0001CC (v01 VBOX   VBOXCPUT 00000002 INTL 20100528)
[    0.000000] No NUMA configuration found
[    0.000000] Faking a node at [mem 0x0000000000000000-0x000000003ffeffff]
[    0.000000] NODE_DATA(0) allocated [mem 0x3ffeb000-0x3ffeffff]
[    0.000000] kvm-clock: Using msrs 4b564d01 and 4b564d00
[    0.000000] kvm-clock: cpu 0, msr 0:3ffe3001, primary cpu clock
[    0.000000] kvm-clock: using sched offset of 6052614499 cycles
[    0.000000] clocksource: kvm-clock: mask: 0xffffffffffffffff max_cycles: 0x1cd42e4dffb, max_idle_ns: 881590591483 ns
[    0.000000] Zone ranges:
[    0.000000]   DMA      [mem 0x0000000000001000-0x0000000000ffffff]
[    0.000000]   DMA32    [mem 0x0000000001000000-0x000000003ffeffff]
[    0.000000]   Normal   empty
[    0.000000]   Device   empty
[    0.000000] Movable zone start for each node
[    0.000000] Early memory node ranges
[    0.000000]   node   0: [mem 0x0000000000001000-0x000000000009efff]
[    0.000000]   node   0: [mem 0x0000000000100000-0x000000003ffeffff]
[    0.000000] Initmem setup node 0 [mem 0x0000000000001000-0x000000003ffeffff]
[    0.000000] ACPI: PM-Timer IO Port: 0x4008
[    0.000000] IOAPIC[0]: apic_id 2, version 32, address 0xfec00000, GSI 0-23
[    0.000000] ACPI: INT_SRC_OVR (bus 0 bus_irq 0 global_irq 2 dfl dfl)
[    0.000000] ACPI: INT_SRC_OVR (bus 0 bus_irq 9 global_irq 9 low level)
[    0.000000] Using ACPI (MADT) for SMP configuration information
[    0.000000] smpboot: Allowing 2 CPUs, 0 hotplug CPUs
[    0.000000] PM: Registered nosave memory: [mem 0x00000000-0x00000fff]
[    0.000000] PM: Registered nosave memory: [mem 0x0009f000-0x0009ffff]
[    0.000000] PM: Registered nosave memory: [mem 0x000a0000-0x000effff]
[    0.000000] PM: Registered nosave memory: [mem 0x000f0000-0x000fffff]
[    0.000000] e820: [mem 0x40000000-0xfebfffff] available for PCI devices
[    0.000000] Booting paravirtualized kernel on KVM
[    0.000000] clocksource: refined-jiffies: mask: 0xffffffff max_cycles: 0xffffffff, max_idle_ns: 7645519600211568 ns
[    0.000000] setup_percpu: NR_CPUS:512 nr_cpumask_bits:512 nr_cpu_ids:2 nr_node_ids:1
[    0.000000] PERCPU: Embedded 33 pages/cpu @ffff88003fc00000 s95192 r8192 d31784 u1048576
[    0.000000] Built 1 zonelists in Node order, mobility grouping on.  Total pages: 257912
[    0.000000] Policy zone: DMA32
[    0.000000] Kernel command line: BOOT_IMAGE=/boot/vmlinuz-4.4.0-210-generic root=LABEL=cloudimg-rootfs ro console=tty1 console=ttyS0
[    0.000000] PID hash table entries: 4096 (order: 3, 32768 bytes)
[    0.000000] Memory: 997796K/1048120K available (8644K kernel code, 1332K rwdata, 4044K rodata, 1492K init, 1164K bss, 50324K reserved, 0K cma-reserved)
[    0.000000] SLUB: HWalign=64, Order=0-3, MinObjects=0, CPUs=2, Nodes=1
[    0.000000] Kernel/User page tables isolation: enabled
[    0.000000] Hierarchical RCU implementation.
[    0.000000] 	Build-time adjustment of leaf fanout to 64.
[    0.000000] 	RCU restricting CPUs from NR_CPUS=512 to nr_cpu_ids=2.
[    0.000000] RCU: Adjusting geometry for rcu_fanout_leaf=64, nr_cpu_ids=2
[    0.000000] NR_IRQS:33024 nr_irqs:440 16
[    0.000000] Console: colour VGA+ 80x25
[    0.000000] console [tty1] enabled
[    0.000000] console [ttyS0] enabled
[    0.000000] tsc: Detected 1799.999 MHz processor
[    0.763113] Calibrating delay loop (skipped) preset value.. 3599.99 BogoMIPS (lpj=7199996)
[    0.775007] pid_max: default: 32768 minimum: 301
[    0.781130] ACPI: Core revision 20150930
[    0.794124] ACPI: 2 ACPI AML tables successfully acquired and loaded
[    0.802444] Security Framework initialized
[    0.807070] Yama: becoming mindful.
[    0.811580] AppArmor: AppArmor initialized
[    0.816419] Dentry cache hash table entries: 131072 (order: 8, 1048576 bytes)
[    0.837962] Inode-cache hash table entries: 65536 (order: 7, 524288 bytes)
[    0.846712] Mount-cache hash table entries: 2048 (order: 2, 16384 bytes)
[    0.854833] Mountpoint-cache hash table entries: 2048 (order: 2, 16384 bytes)
[    0.864554] Initializing cgroup subsys io
[    0.870329] Initializing cgroup subsys memory
[    0.875546] Initializing cgroup subsys devices
[    0.881210] Initializing cgroup subsys freezer
[    0.886553] Initializing cgroup subsys net_cls
[    0.891837] Initializing cgroup subsys perf_event
[    0.897348] Initializing cgroup subsys net_prio
[    0.902777] Initializing cgroup subsys hugetlb
[    0.908276] Initializing cgroup subsys pids
[    0.973733] mce: CPU supports 0 MCE banks
[    0.978094] Last level iTLB entries: 4KB 64, 2MB 8, 4MB 8
[    0.981469] Last level dTLB entries: 4KB 64, 2MB 0, 4MB 0, 1GB 4
[    0.985563] Spectre V1 : Mitigation: usercopy/swapgs barriers and __user pointer sanitization
[    0.989923] Spectre V2 : Mitigation: Full generic retpoline
[    0.995236] Spectre V2 : Spectre v2 / SpectreRSB mitigation: Filling RSB on context switch
[    1.000120] Speculative Store Bypass: Vulnerable
[    1.002673] SRBDS: Unknown: Dependent on hypervisor status
[    1.005815] MDS: Mitigation: Clear CPU buffers
[    1.013628] Freeing SMP alternatives memory: 36K
[    1.029994] ftrace: allocating 32380 entries in 127 pages
[    1.250186] smpboot: APIC(0) Converting physical 0 to logical package 0
[    1.255522] smpboot: Max logical packages: 1
[    1.262253] x2apic enabled
[    1.265715] Switched APIC routing to physical x2apic.
[    1.274910] ..TIMER: vector=0x30 apic1=0 pin1=2 apic2=-1 pin2=-1
[    1.386156] smpboot: CPU0: Intel(R) Core(TM) i5-8250U CPU @ 1.60GHz (family: 0x6, model: 0x8e, stepping: 0xa)
[    1.392319] Performance Events: unsupported p6 CPU model 142 no PMU driver, software events only.
[    1.429160] KVM setup paravirtual spinlock
[    1.434711] x86: Booting SMP configuration:
[    1.439122] .... node  #0, CPUs:      #1
[    1.442852] kvm-clock: cpu 1, msr 0:3ffe3041, secondary cpu clock
[    1.479158] mce: CPU supports 0 MCE banks
[    1.482913] x86: Booted up 1 node, 2 CPUs
[    1.486470] smpboot: Total of 2 processors activated (7199.99 BogoMIPS)
[    1.492256] devtmpfs: initialized
[    1.498351] evm: security.selinux
[    1.500665] evm: security.SMACK64
[    1.503900] evm: security.SMACK64EXEC
[    1.507607] evm: security.SMACK64TRANSMUTE
[    1.511287] evm: security.SMACK64MMAP
[    1.514946] evm: security.ima
[    1.517758] evm: security.capability
[    1.524113] clocksource: jiffies: mask: 0xffffffff max_cycles: 0xffffffff, max_idle_ns: 7645041785100000 ns
[    1.532889] futex hash table entries: 512 (order: 3, 32768 bytes)
[    1.540025] pinctrl core: initialized pinctrl subsystem
[    1.545383] RTC time:  7:45:29, date: 06/10/21
[    1.551669] NET: Registered protocol family 16
[    1.570590] cpuidle: using governor ladder
[    1.587839] cpuidle: using governor menu
[    1.591670] PCCT header not found.
[    1.594657] ACPI: bus type PCI registered
[    1.596964] acpiphp: ACPI Hot Plug PCI Controller Driver version: 0.5
[    1.600628] PCI: Using configuration type 1 for base access
[    1.620256] ACPI: Added _OSI(Module Device)
[    1.624032] ACPI: Added _OSI(Processor Device)
[    1.627165] ACPI: Added _OSI(3.0 _SCP Extensions)
[    1.629169] ACPI: Added _OSI(Processor Aggregator Device)
[    1.633626] ACPI: Executed 1 blocks of module-level executable AML code
[    1.643205] ACPI: Interpreter enabled
[    1.644892] ACPI: (supports S0 S5)
[    1.646616] ACPI: Using IOAPIC for interrupt routing
[    1.650388] PCI: Using host bridge windows from ACPI; if necessary, use "pci=nocrs" and report a bug
[    1.672582] ACPI: PCI Root Bridge [PCI0] (domain 0000 [bus 00-ff])
[    1.677277] acpi PNP0A03:00: _OSC: OS supports [ASPM ClockPM Segments MSI]
[    1.683574] acpi PNP0A03:00: _OSC: not requesting OS control; OS requires [ExtendedConfig ASPM ClockPM MSI]
[    1.691589] acpi PNP0A03:00: fail to add MMCONFIG information, can't access extended PCI configuration space under this bridge.
[    1.699809] PCI host bridge to bus 0000:00
[    1.702952] pci_bus 0000:00: root bus resource [io  0x0000-0x0cf7 window]
[    1.709058] pci_bus 0000:00: root bus resource [io  0x0d00-0xffff window]
[    1.713364] pci_bus 0000:00: root bus resource [mem 0x000a0000-0x000bffff window]
[    1.719441] pci_bus 0000:00: root bus resource [mem 0x40000000-0xfdffffff window]
[    1.724823] pci_bus 0000:00: root bus resource [bus 00-ff]
[    1.736505] pci 0000:00:01.1: legacy IDE quirk: reg 0x10: [io  0x01f0-0x01f7]
[    1.742011] pci 0000:00:01.1: legacy IDE quirk: reg 0x14: [io  0x03f6]
[    1.748438] pci 0000:00:01.1: legacy IDE quirk: reg 0x18: [io  0x0170-0x0177]
[    1.795376] pci 0000:00:01.1: legacy IDE quirk: reg 0x1c: [io  0x0376]
[    1.851139] pci 0000:00:07.0: quirk: [io  0x4000-0x403f] claimed by PIIX4 ACPI
[    1.860436] pci 0000:00:07.0: quirk: [io  0x4100-0x410f] claimed by PIIX4 SMB
[    1.891458] ACPI: PCI Interrupt Link [LNKA] (IRQs 5 9 10 *11)
[    1.895106] ACPI: PCI Interrupt Link [LNKB] (IRQs 5 9 *10 11)
[    1.898976] ACPI: PCI Interrupt Link [LNKC] (IRQs 5 *9 10 11)
[    1.903662] ACPI: PCI Interrupt Link [LNKD] (IRQs 5 9 10 *11)
[    1.910789] ACPI: Enabled 2 GPEs in block 00 to 07
[    1.915524] vgaarb: setting as boot device: PCI:0000:00:02.0
[    1.917959] vgaarb: device added: PCI:0000:00:02.0,decodes=io+mem,owns=io+mem,locks=none
[    1.922599] vgaarb: loaded
[    1.924978] vgaarb: bridge control possible 0000:00:02.0
[    1.928085] SCSI subsystem initialized
[    1.930389] ACPI: bus type USB registered
[    1.933024] usbcore: registered new interface driver usbfs
[    1.936521] usbcore: registered new interface driver hub
[    1.940418] usbcore: registered new device driver usb
[    1.949832] PCI: Using ACPI for IRQ routing
[    1.952596] NetLabel: Initializing
[    1.954872] NetLabel:  domain hash size = 128
[    1.958134] NetLabel:  protocols = UNLABELED CIPSOv4
[    1.961574] NetLabel:  unlabeled traffic allowed by default
[    1.965580] amd_nb: Cannot enumerate AMD northbridges
[    1.971086] clocksource: Switched to clocksource kvm-clock
[    2.001419] AppArmor: AppArmor Filesystem Enabled
[    2.006007] pnp: PnP ACPI init
[    2.010851] pnp: PnP ACPI: found 3 devices
[    2.029201] clocksource: acpi_pm: mask: 0xffffff max_cycles: 0xffffff, max_idle_ns: 2085701024 ns
[    2.033786] NET: Registered protocol family 2
[    2.037677] TCP established hash table entries: 8192 (order: 4, 65536 bytes)
[    2.041257] TCP bind hash table entries: 8192 (order: 5, 131072 bytes)
[    2.044227] TCP: Hash tables configured (established 8192 bind 8192)
[    2.047084] UDP hash table entries: 512 (order: 2, 16384 bytes)
[    2.049926] UDP-Lite hash table entries: 512 (order: 2, 16384 bytes)
[    2.053974] NET: Registered protocol family 1
[    2.056564] pci 0000:00:00.0: Limiting direct PCI/PCI transfers
[    2.059886] pci 0000:00:01.0: Activating ISA DMA hang workarounds
[    2.064543] Unpacking initramfs...
[    2.726967] Freeing initrd memory: 14884K
[    2.730094] clocksource: tsc: mask: 0xffffffffffffffff max_cycles: 0x19f228ab7a2, max_idle_ns: 440795289252 ns
[    2.738995] platform rtc_cmos: registered platform RTC device (no PNP device found)
[    2.744988] Scanning for low memory corruption every 60 seconds
[    2.749567] audit: initializing netlink subsys (disabled)
[    2.753727] audit: type=2000 audit(1623311137.582:1): initialized
[    2.758557] Initialise system trusted keyring
[    2.762095] HugeTLB registered 2 MB page size, pre-allocated 0 pages
[    2.771450] zbud: loaded
[    2.775553] VFS: Disk quotas dquot_6.6.0
[    2.778604] VFS: Dquot-cache hash table entries: 512 (order 0, 4096 bytes)
[    2.784143] squashfs: version 4.0 (2009/01/31) Phillip Lougher
[    2.789258] fuse init (API version 7.23)
[    2.792462] Key type big_key registered
[    2.795551] Allocating IMA MOK and blacklist keyrings.
[    2.802626] Key type asymmetric registered
[    2.806114] Asymmetric key parser 'x509' registered
[    2.809728] Block layer SCSI generic (bsg) driver version 0.4 loaded (major 249)
[    2.815027] io scheduler noop registered
[    2.817997] io scheduler deadline registered (default)
[    2.821583] io scheduler cfq registered
[    2.833935] pci_hotplug: PCI Hot Plug PCI Core version: 0.5
[    2.837559] pciehp: PCI Express Hot Plug Controller Driver version: 0.4
[    2.843695] ACPI: AC Adapter [AC] (off-line)
[    2.847911] input: Power Button as /devices/LNXSYSTM:00/LNXPWRBN:00/input/input0
[    2.853120] ACPI: Power Button [PWRF]
[    2.856270] input: Sleep Button as /devices/LNXSYSTM:00/LNXSLPBN:00/input/input1
[    2.862026] ACPI: Sleep Button [SLPF]
[    2.866884] ACPI: Battery Slot [BAT0] (battery present)
[    2.870667] GHES: HEST is not enabled!
[    2.873641] Serial: 8250/16550 driver, 32 ports, IRQ sharing enabled
[    2.901477] 00:02: ttyS0 at I/O 0x3f8 (irq = 4, base_baud = 115200) is a 16550A
[    2.912269] Linux agpgart interface v0.103
[    2.921413] loop: module loaded
[    2.927253] scsi host0: ata_piix
[    2.931636] scsi host1: ata_piix
[    2.934456] ata1: PATA max UDMA/33 cmd 0x1f0 ctl 0x3f6 bmdma 0xd000 irq 14
[    2.939350] ata2: PATA max UDMA/33 cmd 0x170 ctl 0x376 bmdma 0xd008 irq 15
[    2.944481] libphy: Fixed MDIO Bus: probed
[    2.947830] tun: Universal TUN/TAP device driver, 1.6
[    2.951260] tun: (C) 1999-2004 Max Krasnyansky <maxk@qualcomm.com>
[    2.955415] PPP generic driver version 2.4.2
[    2.958722] ehci_hcd: USB 2.0 'Enhanced' Host Controller (EHCI) Driver
[    2.963993] ehci-pci: EHCI PCI platform driver
[    2.966994] ehci-platform: EHCI generic platform driver
[    2.970652] ohci_hcd: USB 1.1 'Open' Host Controller (OHCI) Driver
[    2.974518] ohci-pci: OHCI PCI platform driver
[    2.977612] ohci-platform: OHCI generic platform driver
[    2.981066] uhci_hcd: USB Universal Host Controller Interface driver
[    2.985240] i8042: PNP: PS/2 Controller [PNP0303:PS2K,PNP0f03:PS2M] at 0x60,0x64 irq 1,12
[    2.991872] serio: i8042 KBD port at 0x60,0x64 irq 1
[    2.995634] serio: i8042 AUX port at 0x60,0x64 irq 12
[    3.000315] mousedev: PS/2 mouse device common for all mice
[    3.006774] input: AT Translated Set 2 keyboard as /devices/platform/i8042/serio0/input/input2
[    3.013208] rtc_cmos rtc_cmos: rtc core: registered rtc_cmos as rtc0
[    3.017862] rtc_cmos rtc_cmos: alarms up to one day, 114 bytes nvram
[    3.022172] i2c /dev entries driver
[    3.025240] device-mapper: uevent: version 1.0.3
[    3.028427] device-mapper: ioctl: 4.34.0-ioctl (2015-10-28) initialised: dm-devel@redhat.com
[    3.034282] ledtrig-cpu: registered to indicate activity on CPUs
[    3.039396] NET: Registered protocol family 10
[    3.044043] NET: Registered protocol family 17
[    3.047614] Key type dns_resolver registered
[    3.051869] registered taskstats version 1
[    3.055603] Loading compiled-in X.509 certificates
[    3.060487] Loaded X.509 cert 'Build time autogenerated kernel key: cf00e047681d67edb2720680708b7d9498083038'
[    3.067090] zswap: loaded using pool lzo/zbud
[    3.075596] Key type trusted registered
[    3.087567] Key type encrypted registered
[    3.090419] AppArmor: AppArmor sha1 policy hashing enabled
[    3.094820] ima: No TPM chip found, activating TPM-bypass!
[    3.098969] ima: Allocated hash algorithm: sha1
[    3.102624] evm: HMAC attrs: 0x1
[    3.119033]   Magic number: 9:726:773
[    3.134719] rtc_cmos rtc_cmos: setting system clock to 2021-06-10 07:45:31 UTC (1623311131)
[    3.142245] BIOS EDD facility v0.16 2004-Jun-25, 0 devices found
[    3.147609] EDD information not available.
[    3.155571] Freeing unused kernel memory: 1492K
[    3.167456] Write protecting the kernel read-only data: 14336k
[    3.173012] Freeing unused kernel memory: 1584K
[    3.176529] Freeing unused kernel memory: 52K
Loading, please wait...
starting version 229
[    3.229177] random: systemd-udevd: uninitialized urandom read (16 bytes read, 5 bits of entropy available)
[    3.231641] random: udevadm: uninitialized urandom read (16 bytes read, 5 bits of entropy available)
[    3.231807] random: udevadm: uninitialized urandom read (16 bytes read, 5 bits of entropy available)
[    3.263045] random: systemd-udevd: uninitialized urandom read (16 bytes read, 5 bits of entropy available)
[    3.268786] random: udevadm: uninitialized urandom read (16 bytes read, 5 bits of entropy available)
[    3.268908] random: udevadm: uninitialized urandom read (16 bytes read, 5 bits of entropy available)
[    3.269279] random: udevadm: uninitialized urandom read (16 bytes read, 5 bits of entropy available)
[    3.269424] random: udevadm: uninitialized urandom read (16 bytes read, 5 bits of entropy available)
[    3.269607] random: udevadm: uninitialized urandom read (16 bytes read, 5 bits of entropy available)
[    3.269773] random: udevadm: uninitialized urandom read (16 bytes read, 5 bits of entropy available)
[    3.463633] e1000: Intel(R) PRO/1000 Network Driver - version 7.3.21-k8-NAPI
[    3.470122] e1000: Copyright (c) 1999-2006 Intel Corporation.
[    3.483526] Fusion MPT base driver 3.04.20
[    3.489598] Copyright (c) 1999-2008 LSI Corporation
[    3.516274] Fusion MPT SPI Host driver 3.04.20
[    3.570300] AVX2 version of gcm_enc/dec engaged.
[    3.575915] AES CTR mode by8 optimization enabled
[    3.695527] input: ImExPS/2 Generic Explorer Mouse as /devices/platform/i8042/serio1/input/input4
[    4.279007] e1000 0000:00:03.0 eth0: (PCI:33MHz:32-bit) 02:ed:98:3c:8e:82
[    4.289518] e1000 0000:00:03.0 eth0: Intel(R) PRO/1000 Network Connection
[    4.305041] mptbase: ioc0: Initiating bringup
[    4.381193] ioc0: LSI53C1030 A0: Capabilities={Initiator}
[    4.567022] scsi host2: ioc0: LSI53C1030 A0, FwRev=00000000h, Ports=1, MaxQ=256, IRQ=20
[    4.700324] scsi 2:0:0:0: Direct-Access     VBOX     HARDDISK         1.0  PQ: 0 ANSI: 5
[    4.712061] scsi target2:0:0: Beginning Domain Validation
[    4.735026] scsi target2:0:0: Domain Validation skipping write tests
[    4.744762] scsi target2:0:0: Ending Domain Validation
[    4.754378] scsi target2:0:0: asynchronous
[    4.776392] scsi 2:0:1:0: Direct-Access     VBOX     HARDDISK         1.0  PQ: 0 ANSI: 5
[    4.793066] scsi target2:0:1: Beginning Domain Validation
[    4.813302] scsi target2:0:1: Domain Validation skipping write tests
[    4.823316] scsi target2:0:1: Ending Domain Validation
[    4.833175] scsi target2:0:1: asynchronous
[    4.929292] sd 2:0:0:0: Attached scsi generic sg0 type 0
[    4.929407] sd 2:0:0:0: [sda] 83886080 512-byte logical blocks: (42.9 GB/40.0 GiB)
[    4.929978] sd 2:0:0:0: [sda] Write Protect is off
[    4.930294] sd 2:0:0:0: [sda] Incomplete mode parameter data
[    4.930297] sd 2:0:0:0: [sda] Assuming drive cache: write through
[    4.941407]  sda: sda1
[    4.942810] sd 2:0:0:0: [sda] Attached SCSI disk
[    4.959131] sd 2:0:1:0: Attached scsi generic sg1 type 0
[    4.963338] sd 2:0:1:0: [sdb] 20480 512-byte logical blocks: (10.5 MB/10.0 MiB)
[    4.971002] sd 2:0:1:0: [sdb] Write Protect is off
[    4.974735] sd 2:0:1:0: [sdb] Incomplete mode parameter data
[    4.978965] sd 2:0:1:0: [sdb] Assuming drive cache: write through
[    4.990053] sd 2:0:1:0: [sdb] Attached SCSI disk
[    5.512261] e1000 0000:00:08.0 eth1: (PCI:33MHz:32-bit) 08:00:27:d6:cf:73
[    5.524009] e1000 0000:00:08.0 eth1: Intel(R) PRO/1000 Network Connection
[    5.538028] e1000 0000:00:03.0 enp0s3: renamed from eth0
[    5.560473] e1000 0000:00:08.0 enp0s8: renamed from eth1
Begin: Loading essential drivers ... [    8.799996] md: linear personality registered for level -1
[    8.825387] md: multipath personality registered for level -4
[    8.848375] md: raid0 personality registered for level 0
[    8.878717] md: raid1 personality registered for level 1
[    8.983855] raid6: sse2x1   gen()  1528 MB/s
[    9.063193] raid6: sse2x1   xor()  2082 MB/s
[    9.131308] raid6: sse2x2   gen()  4099 MB/s
[    9.203764] raid6: sse2x2   xor()  3163 MB/s
[    9.271347] raid6: sse2x4   gen()  4528 MB/s
[    9.339170] raid6: sse2x4   xor()  3121 MB/s
[    9.407194] raid6: avx2x1   gen()  7205 MB/s
[    9.475218] raid6: avx2x2   gen()  8266 MB/s
[    9.543824] raid6: avx2x4   gen()  7124 MB/s
[    9.547504] raid6: using algorithm avx2x2 gen() 8266 MB/s
[    9.553147] raid6: using avx2x2 recovery algorithm
[    9.560798] xor: automatically using best checksumming function:
[    9.603206]    avx       :  6478.000 MB/sec
[    9.612631] async_tx: api initialized (async)
[    9.652735] md: raid6 personality registered for level 6
[    9.658777] md: raid5 personality registered for level 5
[    9.664769] md: raid4 personality registered for level 4
[    9.697055] md: raid10 personality registered for level 10
done.
Begin: Running /scripts/init-premount ... done.
Begin: Mounting root file system ... Begin: Running /scripts/local-top ... done.
Begin: Running /scripts/local-premount ... [    9.819576] Btrfs loaded
Scanning for Btrfs filesystems
done.
Warning: fsck not present, so skipping root file system
[    9.952652] EXT4-fs (sda1): mounted filesystem with ordered data mode. Opts: (null)
done.
Begin: Running /scripts/local-bottom ... done.
Begin: Running /scripts/init-bottom ... done.
[   10.428050] systemd[1]: systemd 229 running in system mode. (+PAM +AUDIT +SELINUX +IMA +APPARMOR +SMACK +SYSVINIT +UTMP +LIBCRYPTSETUP +GCRYPT +GNUTLS +ACL +XZ -LZ4 +SECCOMP +BLKID +ELFUTILS +KMOD -IDN)
[   10.455910] systemd[1]: Detected virtualization oracle.
[   10.461030] systemd[1]: Detected architecture x86-64.

Welcome to [1mUbuntu 16.04.7 LTS[0m!

[   10.473701] systemd[1]: Set hostname to <ubuntu-xenial>.
[   10.906679] systemd[1]: Listening on Syslog Socket.
[[0;32m  OK  [0m] Listening on Syslog Socket.
[   10.919899] systemd[1]: Listening on udev Kernel Socket.
[[0;32m  OK  [0m] Listening on udev Kernel Socket.
[   10.927080] systemd[1]: Reached target Encrypted Volumes.
[[0;32m  OK  [0m] Reached target Encrypted Volumes.
[   10.935255] systemd[1]: Listening on /dev/initctl Compatibility Named Pipe.
[[0;32m  OK  [0m] Listening on /dev/initctl Compatibility Named Pipe.
[   10.942368] systemd[1]: Listening on Device-mapper event daemon FIFOs.
[[0;32m  OK  [0m] Listening on Device-mapper event daemon FIFOs.
[   10.950668] systemd[1]: Created slice System Slice.
[[0;32m  OK  [0m] Created slice System Slice.
[   10.959364] systemd[1]: Listening on udev Control Socket.
[[0;32m  OK  [0m] Listening on udev Control Socket.
[   10.968649] systemd[1]: Created slice User and Session Slice.
[[0;32m  OK  [0m] Created slice User and Session Slice.
[   10.984488] systemd[1]: Listening on LVM2 metadata daemon socket.
[[0;32m  OK  [0m] Listening on LVM2 metadata daemon socket.
[   11.001147] systemd[1]: Created slice system-serial\x2dgetty.slice.
[[0;32m  OK  [0m] Created slice system-serial\x2dgetty.slice.
[   11.016607] systemd[1]: Listening on fsck to fsckd communication Socket.
[[0;32m  OK  [0m] Listening on fsck to fsckd communication Socket.
[   11.025122] systemd[1]: Listening on Journal Socket (/dev/log).
[[0;32m  OK  [0m] Listening on Journal Socket (/dev/log).
[   11.031927] systemd[1]: Reached target Slices.
[[0;32m  OK  [0m] Reached target Slices.
[   11.037172] systemd[1]: Set up automount Arbitrary Executable File Formats File System Automount Point.
[[0;32m  OK  [0m] Set up automount Arbitrary Executab...ats File System Automount Point.
[   11.056991] systemd[1]: Listening on LVM2 poll daemon socket.
[[0;32m  OK  [0m] Listening on LVM2 poll daemon socket.
[   11.072375] systemd[1]: Listening on Journal Audit Socket.
[[0;32m  OK  [0m] Listening on Journal Audit Socket.
[   11.080019] systemd[1]: Reached target Swap.
[[0;32m  OK  [0m] Reached target Swap.
[   11.086598] systemd[1]: Reached target User and Group Name Lookups.
[[0;32m  OK  [0m] Reached target User and Group Name Lookups.
[   11.095800] systemd[1]: Reached target System Time Synchronized.
[[0;32m  OK  [0m] Reached target System Time Synchronized.
[   11.104076] systemd[1]: Listening on Journal Socket.
[[0;32m  OK  [0m] Listening on Journal Socket.
[   11.127767] systemd[1]: Starting Nameserver information manager...
[   11.130408] random: nonblocking pool is initialized
         Starting Nameserver information manager...
[   11.144042] systemd[1]: Starting File System Check on Root Device...
         Starting File System Check on Root Device...
[   11.187459] systemd[1]: Mounting Debug File System...
         Mounting Debug File System...
[   11.196962] systemd[1]: Starting Set console keymap...
         Starting Set console keymap...
[   11.221574] systemd[1]: Starting Create list of required static device nodes for the current kernel...
         Starting Create list of required st... nodes for the current kernel...
[   11.238123] systemd[1]: Starting Uncomplicated firewall...
         Starting Uncomplicated firewall...
[   11.253466] systemd[1]: Mounting Huge Pages File System...
         Mounting Huge Pages File System...
[   11.272141] systemd[1]: Starting Load Kernel Modules...
         Starting Load Kernel Modules...
[   11.290286] systemd[1]: Mounting POSIX Message Queue File System...
         Mounting POSIX Message Queue File System...[   11.303835] Loading iSCSI transport class v2.0-870.

[   11.311726] systemd[1]: Starting Journal Service...
         Starting Journal Service...
[   11.342647] iscsi: registered transport (tcp)
[   11.351786] systemd[1]: Starting Monitoring of LVM2 mirrors, snapshots etc. using dmeventd or progress polling...
         Starting Monitoring of LVM2 mirrors... dmeventd or progress polling...
[   11.381797] systemd[1]: Started Forward Password Requests to Wall Directory Watch.
[[0;32m  OK  [0m] Started Forward Password Requests to Wall Directory Watch.
[   11.406341] systemd[1]: Started Trigger resolvconf update for networkd DNS.
[[0;32m  OK  [0m] Started Trigger resolvconf update for networkd DNS.
[   11.469298] systemd[1]: Mounted POSIX Message Queue File System.
[[0;32m  OK  [0m] Mounted POSIX Message Queue File System.
[   11.486673] systemd[1]: Mounted Debug File System.
[[0;32m  OK  [0m] Mounted Debug File System.
[   11.507606] systemd[1]: Mounted Huge Pages File System.
[[0;32m  OK  [0m] Mounted Huge Pages File System.
[   11.524112] systemd[1]: Started Journal Service.
[[0;32m  OK  [0m] Started Journal Service.
[[0;32m  OK  [0m] Started File System Check on Root Device.
[[0;32m  OK  [0m] Started Create list of required sta...ce nodes for the current kernel.
[[0;32m  OK  [0m] Started Uncomplicated firewall.
[   11.603263] iscsi: registered transport (iser)
[[0;32m  OK  [0m] Started Nameserver information manager.
[[0;32m  OK  [0m] Started LVM2 metadata daemon.
[[0;32m  OK  [0m] Started File System Check Daemon to report status.
         Starting Create Static Device Nodes in /dev...
         Starting Remount Root and Kernel File Systems...
[[0;32m  OK  [0m] Started Load Kernel Modules.
         Mounting FUSE Control File System...
         Starting Apply Kernel Variables...
[[0;32m  OK  [0m] Mounted FUSE Control File System.
[   11.729254] EXT4-fs (sda1): re-mounted. Opts: (null)
[[0;32m  OK  [0m] Started Set console keymap.
[[0;32m  OK  [0m] Started Remount Root and Kernel File Systems.
[[0;32m  OK  [0m] Started Apply Kernel Variables.
         Starting udev Coldplug all Devices...
         Starting Load/Save Random Seed...
         Starting Flush Journal to Persistent Storage...
[[0;32m  OK  [0m] Started Create Static Device Nodes in /dev.
         Starting udev Kernel Device Manager...
[[0;32m  OK  [0m] Started Load/Save Random Seed.
[[0;32m  OK  [0m] Started Flush Journal to Persistent Storage.
[[0;32m  OK  [0m] Started udev Kernel Device Manager.
[[0;32m  OK  [0m] Started udev Coldplug all Devices.
[[0;32m  OK  [0m] Started Dispatch Password Requests to Console Directory Watch.
[[0;32m  OK  [0m] Started Monitoring of LVM2 mirrors,...ng dmeventd or progress polling.
[[0;32m  OK  [0m] Reached target Local File Systems (Pre).
[[0;32m  OK  [0m] Reached target Local File Systems.
         Starting Create Volatile Files and Directories...
         Starting Initial cloud-init job (pre-networking)...
         Starting Tell Plymouth To Write Out Runtime Data...
         Starting Set console font and keymap...
         Starting LSB: AppArmor initialization...
[[0;32m  OK  [0m] Started Tell Plymouth To Write Out Runtime Data.
[[0;32m  OK  [0m] Started Create Volatile Files and Directories.
         Starting Update UTMP about System Boot/Shutdown...
[[0;32m  OK  [0m] Started Update UTMP about System Boot/Shutdown.
[[0;32m  OK  [0m] Started LSB: AppArmor initialization.
         Starting Load AppArmor profiles managed internally by snapd...
[[0;32m  OK  [0m] Started Load AppArmor profiles managed internally by snapd.
[[0;32m  OK  [0m] Found device /dev/ttyS0.
[[0;32m  OK  [0m] Listening on Load/Save RF Kill Switch Status /dev/rfkill Watch.
[[0;32m  OK  [0m] Found device 82540EM Gigabit Ethern...r (PRO/1000 MT Desktop Adapter).
[[0;32m  OK  [0m] Found device 82540EM Gigabit Ethern...r (PRO/1000 MT Desktop Adapter).
[[0;32m  OK  [0m] Started Set console font and keymap.
[[0;32m  OK  [0m] Created slice system-getty.slice.
[   15.829743] [[0;32m  OK  [0m] Started Initial cloud-init job (pre-networking).
cloud-init[493]: Cloud-init v. 21.1-19-gbad84ad4-0ubuntu1~16.04.2 running 'init-local' at Thu, 10 Jun 2021 07:45:44 +0000. Up 14.83 seconds.
[[0;32m  OK  [0m] Reached target Network (Pre).
         Starting Raise network interfaces...
[[0;32m  OK  [0m] Started ifup for enp0s3.
[[0;32m  OK  [0m] Started ifup for enp0s8.
[[0;32m  OK  [0m] Started Raise network interfaces.
         Starting Initial cloud-init job (metadata service crawler)...
[[0;32m  OK  [0m] Reached target Network.
[   20.255805] cloud-init[1083]: Cloud-init v. 21.1-19-gbad84ad4-0ubuntu1~16.04.2 running 'init' at Thu, 10 Jun 2021 07:45:48 +0000. Up 19.21 seconds.
[   20.265184] cloud-init[1083]: ci-info: ++++++++++++++++++++++++++++++++++++++Net device info+++++++++++++++++++++++++++++++++++++++
[   20.277546] cloud-init[1083]: ci-info: +--------+------+-----------------------------+---------------+--------+-------------------+
[   20.281262] cloud-init[1083]: ci-info: | Device |  Up  |           Address           |      Mask     | Scope  |     Hw-Address    |
[   20.292939] cloud-init[1083]: ci-info: +--------+------+-----------------------------+---------------+--------+-------------------+
[   20.301127] cloud-init[1083]: ci-info: | enp0s3 | True |          10.0.2.15          | 255.255.255.0 | global | 02:ed:98:3c:8e:82 |
[   20.306657] cloud-init[1083]: ci-info: | enp0s3 | True |  fe80::ed:98ff:fe3c:8e82/64 |       .       |  link  | 02:ed:98:3c:8e:82 |
[   20.312524] cloud-init[1083]: ci-info: | enp0s8 | True |        192.168.33.10        | 255.255.255.0 | global | 08:00:27:d6:cf:73 |
[   20.325077] cloud-init[1083]: ci-info: | enp0s8 | True | fe80::a00:27ff:fed6:cf73/64 |       .       |  link  | 08:00:27:d6:cf:73 |
[   20.329830] cloud-init[1083]: ci-info: |   lo   | True |          127.0.0.1          |   255.0.0.0   |  host  |         .         |
[   20.335174] cloud-init[1083]: ci-info: |   lo   | True |           ::1/128           |       .       |  host  |         .         |
[   20.340726] cloud-init[1083]: ci-info: +--------+------+-----------------------------+---------------+--------+-------------------+
[   20.353359] cloud-init[1083]: ci-info: ++++++++++++++++++++++++++++Route IPv4 info++++++++++++++++++++++++++++
[   20.358491] cloud-init[1083]: ci-info: +-------+--------------+----------+---------------+-----------+-------+
[   20.369201] cloud-init[1083]: ci-info: | Route | Destination  | Gateway  |    Genmask    | Interface | Flags |
[   20.377133] cloud-init[1083]: ci-info: +-------+--------------+----------+---------------+-----------+-------+
[   20.382366] cloud-init[1083]: ci-info: |   0   |   0.0.0.0    | 10.0.2.2 |    0.0.0.0    |   enp0s3  |   UG  |
[   20.387530] cloud-init[1083]: ci-info: |   1   |   10.0.2.0   | 0.0.0.0  | 255.255.255.0 |   enp0s3  |   U   |
[   20.391352] cloud-init[1083]: ci-info: |   2   | 192.168.33.0 | 0.0.0.0  | 255.255.255.0 |   enp0s8  |   U   |
[   20.395069] cloud-init[1083]: ci-info: +-------+--------------+----------+---------------+-----------+-------+[[0;32m  OK  [0m] Started Initial cloud-init job (metadata service crawler).
[[0;32m  OK  [0m] Reached target System Initialization.
[[0;32m  OK  [0m] Listening on ACPID Listen Socket.
[[0;32m  OK  [0m] Listening on UUID daemon activation socket.

[   20.408866] cloud-init[1083]: ci-info: +++++++++++++++++++Route IPv6 info+++++++++++++++++++
[   20.418815]          Starting LXD - unix socket.
cloud-init[1083]: ci-info: +-------+-------------+---------+-----------+-------+
[[0;32m  OK  [0m] Started Daily apt download activities.
[[0;32m  OK  [0m] Started Daily apt upgrade and clean activities.
[   20.429349] [[0;32m  OK  [0m] Started ACPI Events Check.
[[0;32m  OK  [0m] Reached target Paths.
[[0;32m  OK  [0m] Started Message of the Day.
[[0;32m  OK  [0m] Started Daily Cleanup of Temporary Directories.
[[0;32m  OK  [0m] Reached target Timers.
         Starting Socket activation for snappy daemon.
[[0;32m  OK  [0m] Listening on D-Bus System Message Bus Socket.
[[0;32m  OK  [0m] Reached target Cloud-config availability.
[[0;32m  OK  [0m] Reached target Network is Online.
cloud-init[1083]: ci-info: | Route | Destination | Gateway | Interface | Flags |
[   20.453278]          Starting iSCSI initiator daemon (iscsid)...
[[0;32m  OK  [0m] Listening on LXD - unix socket.
[[0;32m  OK  [0m] Listening on Socket activation for snappy daemon.
[[0;32m  OK  [0m] Reached target Sockets.
[[0;32m  OK  [0m] Reached target Basic System.
[[0;32m  OK  [0m] Started Deferred execution scheduler.
cloud-init[1083]: ci-info: +-------+-------------+---------+-----------+-------+
         Starting Login Service...
[   20.475716] cloud-init[1083]: ci-info: |   0   |  fe80::/64  |    ::   |   enp0s3  |   U   |
[[0;32m  OK  [0m] Started D-Bus System Message Bus.
[   20.481414] cloud-init[1083]: ci-info: |   1   |  fe80::/64  |    ::   |   enp0s8  |   U   |
[   20.499673] cloud-init[1083]: ci-info: |   6   |   ff00::/8  |    ::   |   enp0s3  |   U   |
[   20.504024] cloud-init[1083]: ci-info: |   7   |   ff00::/8  |    ::   |   enp0s8  |   U   |
[   20.516945] cloud-init[1083]: ci-info: +-------+-------------+---------+-----------+-------+
         Starting LSB: MD monitoring daemon...
         Starting LXD - container startup/shutdown...
         Starting /etc/rc.local Compatibility...
[[0;32m  OK  [0m] Started FUSE filesystem for LXC.
[[0;32m  OK  [0m] Started Regular background program processing daemon.
         Starting The PHP 7.0 FastCGI Process Manager...
         Starting System Logging Service...
         Starting LSB: Record successful boot for GRUB...
[[0;32m  OK  [0m] Started ACPI event daemon.
         Starting Accounts Service...
         Starting OpenBSD Secure Shell server...
         Starting Virtualbox guest utils...
         Starting Snap Daemon...
[[0;32m  OK  [0m] Started /etc/rc.local Compatibility.
[[0;32m  OK  [0m] Started Login Service.
[[0;32m  OK  [0m] Started Unattended Upgrades Shutdown.
[[0;32m  OK  [0m] Started iSCSI initiator daemon (iscsid).
         Starting Login to default iSCSI targets...
[[0;32m  OK  [0m] Started System Logging Service.
[[0;32m  OK  [0m] Started Login to default iSCSI targets.
[[0;32m  OK  [0m] Reached target Remote File Systems (Pre).
         Mounting /vagrant...
         Mounting /var/www/html...
[[0;32m  OK  [0m] Started LSB: MD monitoring daemon.
[[0;1;31mFAILED[0m] Failed to mount /var/www/html.
See 'systemctl status var-www-html.mount' for details.
[[0;1;33mDEPEND[0m] Dependency failed for Remote File Systems.
         Starting LSB: Apache2 web server...
         Starting LSB: automatic crash report generation...
         Starting LSB: daemon to balance interrupts for SMP systems...
         Starting LSB: Set the CPU Frequency Scaling governor to "ondemand"...
         Starting Permit User Sessions...
[[0;1;31mFAILED[0m] Failed to mount /vagrant.
See 'systemctl status vagrant.mount' for details.
[[0;32m  OK  [0m] Started Permit User Sessions.
         Starting Hold until boot process finishes up...
         Starting Terminate Plymouth Boot Screen...
[[0;32m  OK  [0m] Started Hold until boot process finishes up.
[[0;32m  OK  [0m] Started LSB: Record successful boot for GRUB.
[[0;32m  OK  [0m] Started Terminate Plymouth Boot Screen.
         Starting Authenticate and Authorize Users to Run Privileged Tasks...
         Starting Set console scheme...
[[0;32m  OK  [0m] Started Serial Getty on ttyS0.
[[0;32m  OK  [0m] Started Getty on tty1.
[[0;32m  OK  [0m] Reached target Login Prompts.
[[0;32m  OK  [0m] Started OpenBSD Secure Shell server.
[[0;32m  OK  [0m] Started Set console scheme.
[[0;32m  OK  [0m] Started LXD - container startup/shutdown.
[[0;32m  OK  [0m] Started Authenticate and Authorize Users to Run Privileged Tasks.
[[0;32m  OK  [0m] Started Accounts Service.
[[0;32m  OK  [0m] Started LSB: Set the CPU Frequency Scaling governor to "ondemand".
[[0;32m  OK  [0m] Started LSB: daemon to balance interrupts for SMP systems.
[[0;32m  OK  [0m] Started LSB: automatic crash report generation.
[[0;32m  OK  [0m] Started Virtualbox guest utils.
[[0;32m  OK  [0m] Started Snap Daemon.
         Starting Wait until snapd is fully seeded...
[[0;32m  OK  [0m] Started The PHP 7.0 FastCGI Process Manager.
[[0;32m  OK  [0m] Started Wait until snapd is fully seeded.
         Starting Apply the settings specified in cloud-config...
[[0;32m  OK  [0m] Started LSB: Apache2 web server.
[[0;32m  OK  [0m] Reached target Multi-User System.
[[0;32m  OK  [0m] Reached target Graphical Interface.
         Starting Update UTMP about System Runlevel Changes...
[[0;32m  OK  [0m] Started Update UTMP about System Runlevel Changes.
[   25.404423] cloud-init[1396]: Cloud-init v. 21.1-19-gbad84ad4-0ubuntu1~16.04.2 running 'modules:config' at Thu, 10 Jun 2021 07:45:54 +0000. Up 24.93 seconds.
[[0;32m  OK  [0m] Started Apply the settings specified in cloud-config.
         Starting Execute cloud user/final scripts...
[[0;32m  OK  [0m] Created slice User Slice of vagrant.
         Starting User Manager for UID 1000...
[[0;32m  OK  [0m] Started Session 1 of user vagrant.
[[0;32m  OK  [0m] Started User Manager for UID 1000.

Ubuntu 16.04.7 LTS ubuntu-xenial ttyS0

ubuntu-xenial login: [   27.870636] cloud-init[1420]: Cloud-init v. 21.1-19-gbad84ad4-0ubuntu1~16.04.2 running 'modules:final' at Thu, 10 Jun 2021 07:45:56 +0000. Up 27.23 seconds.
[   27.872261] cloud-init[1420]: Cloud-init v. 21.1-19-gbad84ad4-0ubuntu1~16.04.2 finished at Thu, 10 Jun 2021 07:45:57 +0000. Datasource DataSourceNoCloud [seed=/dev/sdb][dsmode=net].  Up 27.81 seconds
